
> Task :dependencies

------------------------------------------------------------
Root project
------------------------------------------------------------

annotationProcessor - Annotation processors and their dependencies for source set 'main'.
No dependencies

api - API dependencies for compilation 'main' (target  (jvm)). (n)
No dependencies

apiDependenciesMetadata
+--- org.elasticsearch:elasticsearch -> 6.4.3
|    +--- org.elasticsearch:elasticsearch-core:6.4.3
|    +--- org.elasticsearch:elasticsearch-secure-sm:6.4.3
|    +--- org.elasticsearch:elasticsearch-x-content:6.4.3
|    |    +--- org.elasticsearch:elasticsearch-core:6.4.3
|    |    +--- org.yaml:snakeyaml:1.17 -> 1.23
|    |    +--- com.fasterxml.jackson.core:jackson-core:2.8.10 -> 2.9.8
|    |    +--- com.fasterxml.jackson.dataformat:jackson-dataformat-smile:2.8.10 -> 2.9.8
|    |    +--- com.fasterxml.jackson.dataformat:jackson-dataformat-yaml:2.8.10 -> 2.9.8
|    |    \--- com.fasterxml.jackson.dataformat:jackson-dataformat-cbor:2.8.10 -> 2.9.8
|    +--- org.apache.lucene:lucene-core:7.4.0
|    +--- org.apache.lucene:lucene-analyzers-common:7.4.0
|    +--- org.apache.lucene:lucene-backward-codecs:7.4.0
|    +--- org.apache.lucene:lucene-grouping:7.4.0
|    +--- org.apache.lucene:lucene-highlighter:7.4.0
|    +--- org.apache.lucene:lucene-join:7.4.0
|    +--- org.apache.lucene:lucene-memory:7.4.0
|    +--- org.apache.lucene:lucene-misc:7.4.0
|    +--- org.apache.lucene:lucene-queries:7.4.0
|    +--- org.apache.lucene:lucene-queryparser:7.4.0
|    +--- org.apache.lucene:lucene-sandbox:7.4.0
|    +--- org.apache.lucene:lucene-spatial:7.4.0
|    +--- org.apache.lucene:lucene-spatial-extras:7.4.0
|    +--- org.apache.lucene:lucene-spatial3d:7.4.0
|    +--- org.apache.lucene:lucene-suggest:7.4.0
|    +--- org.elasticsearch:elasticsearch-cli:6.4.3
|    |    +--- net.sf.jopt-simple:jopt-simple:5.0.2
|    |    \--- org.elasticsearch:elasticsearch-core:6.4.3
|    +--- com.carrotsearch:hppc:0.7.1
|    +--- joda-time:joda-time:2.10 -> 2.10.1
|    +--- com.tdunning:t-digest:3.2
|    +--- org.hdrhistogram:HdrHistogram:2.1.9
|    +--- org.apache.logging.log4j:log4j-api:2.11.1
|    \--- org.elasticsearch:jna:4.5.1
+--- org.elasticsearch.client:transport -> 6.4.3
|    +--- org.elasticsearch:elasticsearch:6.4.3 (*)
|    +--- org.elasticsearch.plugin:transport-netty4-client:6.4.3
|    |    +--- io.netty:netty-buffer:4.1.16.Final -> 4.1.31.Final
|    |    +--- io.netty:netty-codec:4.1.16.Final -> 4.1.31.Final
|    |    +--- io.netty:netty-codec-http:4.1.16.Final -> 4.1.31.Final
|    |    +--- io.netty:netty-common:4.1.16.Final -> 4.1.31.Final
|    |    +--- io.netty:netty-handler:4.1.16.Final -> 4.1.31.Final
|    |    +--- io.netty:netty-resolver:4.1.16.Final -> 4.1.31.Final
|    |    \--- io.netty:netty-transport:4.1.16.Final -> 4.1.31.Final
|    +--- org.elasticsearch.plugin:reindex-client:6.4.3
|    |    \--- org.elasticsearch.client:elasticsearch-rest-client:6.4.3
|    |         +--- org.apache.httpcomponents:httpclient:4.5.2 -> 4.5.6
|    |         +--- org.apache.httpcomponents:httpcore:4.4.5 -> 4.4.10
|    |         +--- org.apache.httpcomponents:httpasyncclient:4.1.2 -> 4.1.4
|    |         +--- org.apache.httpcomponents:httpcore-nio:4.4.5 -> 4.4.10
|    |         \--- commons-codec:commons-codec:1.10 -> 1.11
|    +--- org.elasticsearch.plugin:lang-mustache-client:6.4.3
|    |    \--- com.github.spullara.mustache.java:compiler:0.9.3
|    +--- org.elasticsearch.plugin:percolator-client:6.4.3
|    +--- org.elasticsearch.plugin:parent-join-client:6.4.3
|    \--- org.elasticsearch.plugin:rank-eval-client:6.4.3
\--- org.apache.logging.log4j:log4j-core:2.11.2
     \--- org.apache.logging.log4j:log4j-api:2.11.2 -> 2.11.1

apiElements - API elements for main. (n)
No dependencies

archives - Configuration for archive artifacts.
No dependencies

bootArchives - Configuration for Spring Boot archive artifacts.
No dependencies

compile - Dependencies for compilation 'main' (target  (jvm)) (deprecated, use 'implementation ' instead).
+--- org.elasticsearch:elasticsearch -> 6.4.3
|    +--- org.elasticsearch:elasticsearch-core:6.4.3
|    +--- org.elasticsearch:elasticsearch-secure-sm:6.4.3
|    +--- org.elasticsearch:elasticsearch-x-content:6.4.3
|    |    +--- org.elasticsearch:elasticsearch-core:6.4.3
|    |    +--- org.yaml:snakeyaml:1.17 -> 1.23
|    |    +--- com.fasterxml.jackson.core:jackson-core:2.8.10 -> 2.9.8
|    |    +--- com.fasterxml.jackson.dataformat:jackson-dataformat-smile:2.8.10 -> 2.9.8
|    |    +--- com.fasterxml.jackson.dataformat:jackson-dataformat-yaml:2.8.10 -> 2.9.8
|    |    \--- com.fasterxml.jackson.dataformat:jackson-dataformat-cbor:2.8.10 -> 2.9.8
|    +--- org.apache.lucene:lucene-core:7.4.0
|    +--- org.apache.lucene:lucene-analyzers-common:7.4.0
|    +--- org.apache.lucene:lucene-backward-codecs:7.4.0
|    +--- org.apache.lucene:lucene-grouping:7.4.0
|    +--- org.apache.lucene:lucene-highlighter:7.4.0
|    +--- org.apache.lucene:lucene-join:7.4.0
|    +--- org.apache.lucene:lucene-memory:7.4.0
|    +--- org.apache.lucene:lucene-misc:7.4.0
|    +--- org.apache.lucene:lucene-queries:7.4.0
|    +--- org.apache.lucene:lucene-queryparser:7.4.0
|    +--- org.apache.lucene:lucene-sandbox:7.4.0
|    +--- org.apache.lucene:lucene-spatial:7.4.0
|    +--- org.apache.lucene:lucene-spatial-extras:7.4.0
|    +--- org.apache.lucene:lucene-spatial3d:7.4.0
|    +--- org.apache.lucene:lucene-suggest:7.4.0
|    +--- org.elasticsearch:elasticsearch-cli:6.4.3
|    |    +--- net.sf.jopt-simple:jopt-simple:5.0.2
|    |    \--- org.elasticsearch:elasticsearch-core:6.4.3
|    +--- com.carrotsearch:hppc:0.7.1
|    +--- joda-time:joda-time:2.10 -> 2.10.1
|    +--- com.tdunning:t-digest:3.2
|    +--- org.hdrhistogram:HdrHistogram:2.1.9
|    +--- org.apache.logging.log4j:log4j-api:2.11.1
|    \--- org.elasticsearch:jna:4.5.1
+--- org.elasticsearch.client:transport -> 6.4.3
|    +--- org.elasticsearch:elasticsearch:6.4.3 (*)
|    +--- org.elasticsearch.plugin:transport-netty4-client:6.4.3
|    |    +--- io.netty:netty-buffer:4.1.16.Final -> 4.1.31.Final
|    |    +--- io.netty:netty-codec:4.1.16.Final -> 4.1.31.Final
|    |    +--- io.netty:netty-codec-http:4.1.16.Final -> 4.1.31.Final
|    |    +--- io.netty:netty-common:4.1.16.Final -> 4.1.31.Final
|    |    +--- io.netty:netty-handler:4.1.16.Final -> 4.1.31.Final
|    |    +--- io.netty:netty-resolver:4.1.16.Final -> 4.1.31.Final
|    |    \--- io.netty:netty-transport:4.1.16.Final -> 4.1.31.Final
|    +--- org.elasticsearch.plugin:reindex-client:6.4.3
|    |    \--- org.elasticsearch.client:elasticsearch-rest-client:6.4.3
|    |         +--- org.apache.httpcomponents:httpclient:4.5.2 -> 4.5.6
|    |         +--- org.apache.httpcomponents:httpcore:4.4.5 -> 4.4.10
|    |         +--- org.apache.httpcomponents:httpasyncclient:4.1.2 -> 4.1.4
|    |         +--- org.apache.httpcomponents:httpcore-nio:4.4.5 -> 4.4.10
|    |         \--- commons-codec:commons-codec:1.10 -> 1.11
|    +--- org.elasticsearch.plugin:lang-mustache-client:6.4.3
|    |    \--- com.github.spullara.mustache.java:compiler:0.9.3
|    +--- org.elasticsearch.plugin:percolator-client:6.4.3
|    +--- org.elasticsearch.plugin:parent-join-client:6.4.3
|    \--- org.elasticsearch.plugin:rank-eval-client:6.4.3
\--- org.apache.logging.log4j:log4j-core:2.11.2
     \--- org.apache.logging.log4j:log4j-api:2.11.2 -> 2.11.1

compileClasspath - Compile classpath for compilation 'main' (target  (jvm)).
+--- org.elasticsearch:elasticsearch -> 6.4.3
|    +--- org.elasticsearch:elasticsearch-core:6.4.3
|    +--- org.elasticsearch:elasticsearch-secure-sm:6.4.3
|    +--- org.elasticsearch:elasticsearch-x-content:6.4.3
|    |    +--- org.elasticsearch:elasticsearch-core:6.4.3
|    |    +--- org.yaml:snakeyaml:1.17 -> 1.23
|    |    +--- com.fasterxml.jackson.core:jackson-core:2.8.10 -> 2.9.8
|    |    +--- com.fasterxml.jackson.dataformat:jackson-dataformat-smile:2.8.10 -> 2.9.8
|    |    +--- com.fasterxml.jackson.dataformat:jackson-dataformat-yaml:2.8.10 -> 2.9.8
|    |    \--- com.fasterxml.jackson.dataformat:jackson-dataformat-cbor:2.8.10 -> 2.9.8
|    +--- org.apache.lucene:lucene-core:7.4.0
|    +--- org.apache.lucene:lucene-analyzers-common:7.4.0
|    +--- org.apache.lucene:lucene-backward-codecs:7.4.0
|    +--- org.apache.lucene:lucene-grouping:7.4.0
|    +--- org.apache.lucene:lucene-highlighter:7.4.0
|    +--- org.apache.lucene:lucene-join:7.4.0
|    +--- org.apache.lucene:lucene-memory:7.4.0
|    +--- org.apache.lucene:lucene-misc:7.4.0
|    +--- org.apache.lucene:lucene-queries:7.4.0
|    +--- org.apache.lucene:lucene-queryparser:7.4.0
|    +--- org.apache.lucene:lucene-sandbox:7.4.0
|    +--- org.apache.lucene:lucene-spatial:7.4.0
|    +--- org.apache.lucene:lucene-spatial-extras:7.4.0
|    +--- org.apache.lucene:lucene-spatial3d:7.4.0
|    +--- org.apache.lucene:lucene-suggest:7.4.0
|    +--- org.elasticsearch:elasticsearch-cli:6.4.3
|    |    +--- net.sf.jopt-simple:jopt-simple:5.0.2
|    |    \--- org.elasticsearch:elasticsearch-core:6.4.3
|    +--- com.carrotsearch:hppc:0.7.1
|    +--- joda-time:joda-time:2.10 -> 2.10.1
|    +--- com.tdunning:t-digest:3.2
|    +--- org.hdrhistogram:HdrHistogram:2.1.9
|    +--- org.apache.logging.log4j:log4j-api:2.11.1
|    \--- org.elasticsearch:jna:4.5.1
+--- org.elasticsearch.client:transport -> 6.4.3
|    +--- org.elasticsearch:elasticsearch:6.4.3 (*)
|    +--- org.elasticsearch.plugin:transport-netty4-client:6.4.3
|    |    +--- io.netty:netty-buffer:4.1.16.Final -> 4.1.31.Final
|    |    +--- io.netty:netty-codec:4.1.16.Final -> 4.1.31.Final
|    |    +--- io.netty:netty-codec-http:4.1.16.Final -> 4.1.31.Final
|    |    +--- io.netty:netty-common:4.1.16.Final -> 4.1.31.Final
|    |    +--- io.netty:netty-handler:4.1.16.Final -> 4.1.31.Final
|    |    +--- io.netty:netty-resolver:4.1.16.Final -> 4.1.31.Final
|    |    \--- io.netty:netty-transport:4.1.16.Final -> 4.1.31.Final
|    +--- org.elasticsearch.plugin:reindex-client:6.4.3
|    |    \--- org.elasticsearch.client:elasticsearch-rest-client:6.4.3
|    |         +--- org.apache.httpcomponents:httpclient:4.5.2 -> 4.5.6
|    |         +--- org.apache.httpcomponents:httpcore:4.4.5 -> 4.4.10
|    |         +--- org.apache.httpcomponents:httpasyncclient:4.1.2 -> 4.1.4
|    |         +--- org.apache.httpcomponents:httpcore-nio:4.4.5 -> 4.4.10
|    |         \--- commons-codec:commons-codec:1.10 -> 1.11
|    +--- org.elasticsearch.plugin:lang-mustache-client:6.4.3
|    |    \--- com.github.spullara.mustache.java:compiler:0.9.3
|    +--- org.elasticsearch.plugin:percolator-client:6.4.3
|    +--- org.elasticsearch.plugin:parent-join-client:6.4.3
|    \--- org.elasticsearch.plugin:rank-eval-client:6.4.3
+--- org.apache.logging.log4j:log4j-core:2.11.2
|    \--- org.apache.logging.log4j:log4j-api:2.11.2 -> 2.11.1
+--- org.springframework.boot:spring-boot-starter -> 2.1.2.RELEASE
|    +--- org.springframework.boot:spring-boot:2.1.2.RELEASE
|    |    +--- org.springframework:spring-core:5.1.4.RELEASE
|    |    |    \--- org.springframework:spring-jcl:5.1.4.RELEASE
|    |    \--- org.springframework:spring-context:5.1.4.RELEASE
|    |         +--- org.springframework:spring-aop:5.1.4.RELEASE
|    |         |    +--- org.springframework:spring-beans:5.1.4.RELEASE
|    |         |    |    \--- org.springframework:spring-core:5.1.4.RELEASE (*)
|    |         |    \--- org.springframework:spring-core:5.1.4.RELEASE (*)
|    |         +--- org.springframework:spring-beans:5.1.4.RELEASE (*)
|    |         +--- org.springframework:spring-core:5.1.4.RELEASE (*)
|    |         \--- org.springframework:spring-expression:5.1.4.RELEASE
|    |              \--- org.springframework:spring-core:5.1.4.RELEASE (*)
|    +--- org.springframework.boot:spring-boot-autoconfigure:2.1.2.RELEASE
|    |    \--- org.springframework.boot:spring-boot:2.1.2.RELEASE (*)
|    +--- org.springframework.boot:spring-boot-starter-logging:2.1.2.RELEASE
|    |    +--- ch.qos.logback:logback-classic:1.2.3
|    |    |    +--- ch.qos.logback:logback-core:1.2.3
|    |    |    \--- org.slf4j:slf4j-api:1.7.25
|    |    +--- org.apache.logging.log4j:log4j-to-slf4j:2.11.1
|    |    |    +--- org.slf4j:slf4j-api:1.7.25
|    |    |    \--- org.apache.logging.log4j:log4j-api:2.11.1
|    |    \--- org.slf4j:jul-to-slf4j:1.7.25
|    |         \--- org.slf4j:slf4j-api:1.7.25
|    +--- javax.annotation:javax.annotation-api:1.3.2
|    +--- org.springframework:spring-core:5.1.4.RELEASE (*)
|    \--- org.yaml:snakeyaml:1.23
+--- org.jetbrains.kotlin:kotlin-reflect:1.2.71
|    \--- org.jetbrains.kotlin:kotlin-stdlib:1.2.71
|         +--- org.jetbrains.kotlin:kotlin-stdlib-common:1.2.71
|         \--- org.jetbrains:annotations:13.0
\--- org.jetbrains.kotlin:kotlin-stdlib-jdk8:1.2.71
     +--- org.jetbrains.kotlin:kotlin-stdlib:1.2.71 (*)
     \--- org.jetbrains.kotlin:kotlin-stdlib-jdk7:1.2.71
          \--- org.jetbrains.kotlin:kotlin-stdlib:1.2.71 (*)

compileOnly - Compile only dependencies for compilation 'main' (target  (jvm)).
No dependencies

compileOnlyDependenciesMetadata
No dependencies

default - Configuration for default artifacts.
+--- org.elasticsearch:elasticsearch -> 6.4.3
|    +--- org.elasticsearch:elasticsearch-core:6.4.3
|    +--- org.elasticsearch:elasticsearch-secure-sm:6.4.3
|    +--- org.elasticsearch:elasticsearch-x-content:6.4.3
|    |    +--- org.elasticsearch:elasticsearch-core:6.4.3
|    |    +--- org.yaml:snakeyaml:1.17 -> 1.23
|    |    +--- com.fasterxml.jackson.core:jackson-core:2.8.10 -> 2.9.8
|    |    +--- com.fasterxml.jackson.dataformat:jackson-dataformat-smile:2.8.10 -> 2.9.8
|    |    +--- com.fasterxml.jackson.dataformat:jackson-dataformat-yaml:2.8.10 -> 2.9.8
|    |    \--- com.fasterxml.jackson.dataformat:jackson-dataformat-cbor:2.8.10 -> 2.9.8
|    +--- org.apache.lucene:lucene-core:7.4.0
|    +--- org.apache.lucene:lucene-analyzers-common:7.4.0
|    +--- org.apache.lucene:lucene-backward-codecs:7.4.0
|    +--- org.apache.lucene:lucene-grouping:7.4.0
|    +--- org.apache.lucene:lucene-highlighter:7.4.0
|    +--- org.apache.lucene:lucene-join:7.4.0
|    +--- org.apache.lucene:lucene-memory:7.4.0
|    +--- org.apache.lucene:lucene-misc:7.4.0
|    +--- org.apache.lucene:lucene-queries:7.4.0
|    +--- org.apache.lucene:lucene-queryparser:7.4.0
|    +--- org.apache.lucene:lucene-sandbox:7.4.0
|    +--- org.apache.lucene:lucene-spatial:7.4.0
|    +--- org.apache.lucene:lucene-spatial-extras:7.4.0
|    +--- org.apache.lucene:lucene-spatial3d:7.4.0
|    +--- org.apache.lucene:lucene-suggest:7.4.0
|    +--- org.elasticsearch:elasticsearch-cli:6.4.3
|    |    +--- net.sf.jopt-simple:jopt-simple:5.0.2
|    |    \--- org.elasticsearch:elasticsearch-core:6.4.3
|    +--- com.carrotsearch:hppc:0.7.1
|    +--- joda-time:joda-time:2.10 -> 2.10.1
|    +--- com.tdunning:t-digest:3.2
|    +--- org.hdrhistogram:HdrHistogram:2.1.9
|    +--- org.apache.logging.log4j:log4j-api:2.11.1
|    \--- org.elasticsearch:jna:4.5.1
+--- org.elasticsearch.client:transport -> 6.4.3
|    +--- org.elasticsearch:elasticsearch:6.4.3 (*)
|    +--- org.elasticsearch.plugin:transport-netty4-client:6.4.3
|    |    +--- io.netty:netty-buffer:4.1.16.Final -> 4.1.31.Final
|    |    +--- io.netty:netty-codec:4.1.16.Final -> 4.1.31.Final
|    |    +--- io.netty:netty-codec-http:4.1.16.Final -> 4.1.31.Final
|    |    +--- io.netty:netty-common:4.1.16.Final -> 4.1.31.Final
|    |    +--- io.netty:netty-handler:4.1.16.Final -> 4.1.31.Final
|    |    +--- io.netty:netty-resolver:4.1.16.Final -> 4.1.31.Final
|    |    \--- io.netty:netty-transport:4.1.16.Final -> 4.1.31.Final
|    +--- org.elasticsearch.plugin:reindex-client:6.4.3
|    |    \--- org.elasticsearch.client:elasticsearch-rest-client:6.4.3
|    |         +--- org.apache.httpcomponents:httpclient:4.5.2 -> 4.5.6
|    |         +--- org.apache.httpcomponents:httpcore:4.4.5 -> 4.4.10
|    |         +--- org.apache.httpcomponents:httpasyncclient:4.1.2 -> 4.1.4
|    |         +--- org.apache.httpcomponents:httpcore-nio:4.4.5 -> 4.4.10
|    |         \--- commons-codec:commons-codec:1.10 -> 1.11
|    +--- org.elasticsearch.plugin:lang-mustache-client:6.4.3
|    |    \--- com.github.spullara.mustache.java:compiler:0.9.3
|    +--- org.elasticsearch.plugin:percolator-client:6.4.3
|    +--- org.elasticsearch.plugin:parent-join-client:6.4.3
|    \--- org.elasticsearch.plugin:rank-eval-client:6.4.3
+--- org.apache.logging.log4j:log4j-core:2.11.2
|    \--- org.apache.logging.log4j:log4j-api:2.11.2 -> 2.11.1
+--- org.springframework.boot:spring-boot-starter -> 2.1.2.RELEASE
|    +--- org.springframework.boot:spring-boot:2.1.2.RELEASE
|    |    +--- org.springframework:spring-core:5.1.4.RELEASE
|    |    |    \--- org.springframework:spring-jcl:5.1.4.RELEASE
|    |    \--- org.springframework:spring-context:5.1.4.RELEASE
|    |         +--- org.springframework:spring-aop:5.1.4.RELEASE
|    |         |    +--- org.springframework:spring-beans:5.1.4.RELEASE
|    |         |    |    \--- org.springframework:spring-core:5.1.4.RELEASE (*)
|    |         |    \--- org.springframework:spring-core:5.1.4.RELEASE (*)
|    |         +--- org.springframework:spring-beans:5.1.4.RELEASE (*)
|    |         +--- org.springframework:spring-core:5.1.4.RELEASE (*)
|    |         \--- org.springframework:spring-expression:5.1.4.RELEASE
|    |              \--- org.springframework:spring-core:5.1.4.RELEASE (*)
|    +--- org.springframework.boot:spring-boot-autoconfigure:2.1.2.RELEASE
|    |    \--- org.springframework.boot:spring-boot:2.1.2.RELEASE (*)
|    +--- org.springframework.boot:spring-boot-starter-logging:2.1.2.RELEASE
|    |    +--- ch.qos.logback:logback-classic:1.2.3
|    |    |    +--- ch.qos.logback:logback-core:1.2.3
|    |    |    \--- org.slf4j:slf4j-api:1.7.25
|    |    +--- org.apache.logging.log4j:log4j-to-slf4j:2.11.1
|    |    |    +--- org.slf4j:slf4j-api:1.7.25
|    |    |    \--- org.apache.logging.log4j:log4j-api:2.11.1
|    |    \--- org.slf4j:jul-to-slf4j:1.7.25
|    |         \--- org.slf4j:slf4j-api:1.7.25
|    +--- javax.annotation:javax.annotation-api:1.3.2
|    +--- org.springframework:spring-core:5.1.4.RELEASE (*)
|    \--- org.yaml:snakeyaml:1.23
+--- org.jetbrains.kotlin:kotlin-reflect:1.2.71
|    \--- org.jetbrains.kotlin:kotlin-stdlib:1.2.71
|         +--- org.jetbrains.kotlin:kotlin-stdlib-common:1.2.71
|         \--- org.jetbrains:annotations:13.0
\--- org.jetbrains.kotlin:kotlin-stdlib-jdk8:1.2.71
     +--- org.jetbrains.kotlin:kotlin-stdlib:1.2.71 (*)
     \--- org.jetbrains.kotlin:kotlin-stdlib-jdk7:1.2.71
          \--- org.jetbrains.kotlin:kotlin-stdlib:1.2.71 (*)

implementation - Implementation only dependencies for compilation 'main' (target  (jvm)). (n)
+--- org.springframework.boot:spring-boot-starter (n)
+--- org.jetbrains.kotlin:kotlin-reflect:1.2.71 (n)
\--- org.jetbrains.kotlin:kotlin-stdlib-jdk8:1.2.71 (n)

implementationDependenciesMetadata
+--- org.elasticsearch:elasticsearch -> 6.4.3
|    +--- org.elasticsearch:elasticsearch-core:6.4.3
|    +--- org.elasticsearch:elasticsearch-secure-sm:6.4.3
|    +--- org.elasticsearch:elasticsearch-x-content:6.4.3
|    |    +--- org.elasticsearch:elasticsearch-core:6.4.3
|    |    +--- org.yaml:snakeyaml:1.17 -> 1.23
|    |    +--- com.fasterxml.jackson.core:jackson-core:2.8.10 -> 2.9.8
|    |    +--- com.fasterxml.jackson.dataformat:jackson-dataformat-smile:2.8.10 -> 2.9.8
|    |    +--- com.fasterxml.jackson.dataformat:jackson-dataformat-yaml:2.8.10 -> 2.9.8
|    |    \--- com.fasterxml.jackson.dataformat:jackson-dataformat-cbor:2.8.10 -> 2.9.8
|    +--- org.apache.lucene:lucene-core:7.4.0
|    +--- org.apache.lucene:lucene-analyzers-common:7.4.0
|    +--- org.apache.lucene:lucene-backward-codecs:7.4.0
|    +--- org.apache.lucene:lucene-grouping:7.4.0
|    +--- org.apache.lucene:lucene-highlighter:7.4.0
|    +--- org.apache.lucene:lucene-join:7.4.0
|    +--- org.apache.lucene:lucene-memory:7.4.0
|    +--- org.apache.lucene:lucene-misc:7.4.0
|    +--- org.apache.lucene:lucene-queries:7.4.0
|    +--- org.apache.lucene:lucene-queryparser:7.4.0
|    +--- org.apache.lucene:lucene-sandbox:7.4.0
|    +--- org.apache.lucene:lucene-spatial:7.4.0
|    +--- org.apache.lucene:lucene-spatial-extras:7.4.0
|    +--- org.apache.lucene:lucene-spatial3d:7.4.0
|    +--- org.apache.lucene:lucene-suggest:7.4.0
|    +--- org.elasticsearch:elasticsearch-cli:6.4.3
|    |    +--- net.sf.jopt-simple:jopt-simple:5.0.2
|    |    \--- org.elasticsearch:elasticsearch-core:6.4.3
|    +--- com.carrotsearch:hppc:0.7.1
|    +--- joda-time:joda-time:2.10 -> 2.10.1
|    +--- com.tdunning:t-digest:3.2
|    +--- org.hdrhistogram:HdrHistogram:2.1.9
|    +--- org.apache.logging.log4j:log4j-api:2.11.1
|    \--- org.elasticsearch:jna:4.5.1
+--- org.elasticsearch.client:transport -> 6.4.3
|    +--- org.elasticsearch:elasticsearch:6.4.3 (*)
|    +--- org.elasticsearch.plugin:transport-netty4-client:6.4.3
|    |    +--- io.netty:netty-buffer:4.1.16.Final -> 4.1.31.Final
|    |    +--- io.netty:netty-codec:4.1.16.Final -> 4.1.31.Final
|    |    +--- io.netty:netty-codec-http:4.1.16.Final -> 4.1.31.Final
|    |    +--- io.netty:netty-common:4.1.16.Final -> 4.1.31.Final
|    |    +--- io.netty:netty-handler:4.1.16.Final -> 4.1.31.Final
|    |    +--- io.netty:netty-resolver:4.1.16.Final -> 4.1.31.Final
|    |    \--- io.netty:netty-transport:4.1.16.Final -> 4.1.31.Final
|    +--- org.elasticsearch.plugin:reindex-client:6.4.3
|    |    \--- org.elasticsearch.client:elasticsearch-rest-client:6.4.3
|    |         +--- org.apache.httpcomponents:httpclient:4.5.2 -> 4.5.6
|    |         +--- org.apache.httpcomponents:httpcore:4.4.5 -> 4.4.10
|    |         +--- org.apache.httpcomponents:httpasyncclient:4.1.2 -> 4.1.4
|    |         +--- org.apache.httpcomponents:httpcore-nio:4.4.5 -> 4.4.10
|    |         \--- commons-codec:commons-codec:1.10 -> 1.11
|    +--- org.elasticsearch.plugin:lang-mustache-client:6.4.3
|    |    \--- com.github.spullara.mustache.java:compiler:0.9.3
|    +--- org.elasticsearch.plugin:percolator-client:6.4.3
|    +--- org.elasticsearch.plugin:parent-join-client:6.4.3
|    \--- org.elasticsearch.plugin:rank-eval-client:6.4.3
+--- org.apache.logging.log4j:log4j-core:2.11.2
|    \--- org.apache.logging.log4j:log4j-api:2.11.2 -> 2.11.1
+--- org.springframework.boot:spring-boot-starter -> 2.1.2.RELEASE
|    +--- org.springframework.boot:spring-boot:2.1.2.RELEASE
|    |    +--- org.springframework:spring-core:5.1.4.RELEASE
|    |    |    \--- org.springframework:spring-jcl:5.1.4.RELEASE
|    |    \--- org.springframework:spring-context:5.1.4.RELEASE
|    |         +--- org.springframework:spring-aop:5.1.4.RELEASE
|    |         |    +--- org.springframework:spring-beans:5.1.4.RELEASE
|    |         |    |    \--- org.springframework:spring-core:5.1.4.RELEASE (*)
|    |         |    \--- org.springframework:spring-core:5.1.4.RELEASE (*)
|    |         +--- org.springframework:spring-beans:5.1.4.RELEASE (*)
|    |         +--- org.springframework:spring-core:5.1.4.RELEASE (*)
|    |         \--- org.springframework:spring-expression:5.1.4.RELEASE
|    |              \--- org.springframework:spring-core:5.1.4.RELEASE (*)
|    +--- org.springframework.boot:spring-boot-autoconfigure:2.1.2.RELEASE
|    |    \--- org.springframework.boot:spring-boot:2.1.2.RELEASE (*)
|    +--- org.springframework.boot:spring-boot-starter-logging:2.1.2.RELEASE
|    |    +--- ch.qos.logback:logback-classic:1.2.3
|    |    |    +--- ch.qos.logback:logback-core:1.2.3
|    |    |    \--- org.slf4j:slf4j-api:1.7.25
|    |    +--- org.apache.logging.log4j:log4j-to-slf4j:2.11.1
|    |    |    +--- org.slf4j:slf4j-api:1.7.25
|    |    |    \--- org.apache.logging.log4j:log4j-api:2.11.1
|    |    \--- org.slf4j:jul-to-slf4j:1.7.25
|    |         \--- org.slf4j:slf4j-api:1.7.25
|    +--- javax.annotation:javax.annotation-api:1.3.2
|    +--- org.springframework:spring-core:5.1.4.RELEASE (*)
|    \--- org.yaml:snakeyaml:1.23
+--- org.jetbrains.kotlin:kotlin-reflect:1.2.71
|    \--- org.jetbrains.kotlin:kotlin-stdlib:1.2.71
|         +--- org.jetbrains.kotlin:kotlin-stdlib-common:1.2.71
|         \--- org.jetbrains:annotations:13.0
\--- org.jetbrains.kotlin:kotlin-stdlib-jdk8:1.2.71
     +--- org.jetbrains.kotlin:kotlin-stdlib:1.2.71 (*)
     \--- org.jetbrains.kotlin:kotlin-stdlib-jdk7:1.2.71
          \--- org.jetbrains.kotlin:kotlin-stdlib:1.2.71 (*)

kapt
No dependencies

kaptTest
No dependencies

kotlinCompilerClasspath
\--- org.jetbrains.kotlin:kotlin-compiler-embeddable:1.2.71
     +--- org.jetbrains.kotlin:kotlin-stdlib:1.2.71
     |    +--- org.jetbrains.kotlin:kotlin-stdlib-common:1.2.71
     |    \--- org.jetbrains:annotations:13.0
     +--- org.jetbrains.kotlin:kotlin-script-runtime:1.2.71
     \--- org.jetbrains.kotlin:kotlin-reflect:1.2.71
          \--- org.jetbrains.kotlin:kotlin-stdlib:1.2.71 (*)

kotlinCompilerPluginClasspath
+--- org.jetbrains.kotlin:kotlin-scripting-compiler-embeddable:1.2.71
\--- org.jetbrains.kotlin:kotlin-allopen:1.2.71

runtime - Runtime dependencies for compilation 'main' (target  (jvm)) (deprecated, use 'runtimeOnly ' instead).
+--- org.elasticsearch:elasticsearch -> 6.4.3
|    +--- org.elasticsearch:elasticsearch-core:6.4.3
|    +--- org.elasticsearch:elasticsearch-secure-sm:6.4.3
|    +--- org.elasticsearch:elasticsearch-x-content:6.4.3
|    |    +--- org.elasticsearch:elasticsearch-core:6.4.3
|    |    +--- org.yaml:snakeyaml:1.17 -> 1.23
|    |    +--- com.fasterxml.jackson.core:jackson-core:2.8.10 -> 2.9.8
|    |    +--- com.fasterxml.jackson.dataformat:jackson-dataformat-smile:2.8.10 -> 2.9.8
|    |    +--- com.fasterxml.jackson.dataformat:jackson-dataformat-yaml:2.8.10 -> 2.9.8
|    |    \--- com.fasterxml.jackson.dataformat:jackson-dataformat-cbor:2.8.10 -> 2.9.8
|    +--- org.apache.lucene:lucene-core:7.4.0
|    +--- org.apache.lucene:lucene-analyzers-common:7.4.0
|    +--- org.apache.lucene:lucene-backward-codecs:7.4.0
|    +--- org.apache.lucene:lucene-grouping:7.4.0
|    +--- org.apache.lucene:lucene-highlighter:7.4.0
|    +--- org.apache.lucene:lucene-join:7.4.0
|    +--- org.apache.lucene:lucene-memory:7.4.0
|    +--- org.apache.lucene:lucene-misc:7.4.0
|    +--- org.apache.lucene:lucene-queries:7.4.0
|    +--- org.apache.lucene:lucene-queryparser:7.4.0
|    +--- org.apache.lucene:lucene-sandbox:7.4.0
|    +--- org.apache.lucene:lucene-spatial:7.4.0
|    +--- org.apache.lucene:lucene-spatial-extras:7.4.0
|    +--- org.apache.lucene:lucene-spatial3d:7.4.0
|    +--- org.apache.lucene:lucene-suggest:7.4.0
|    +--- org.elasticsearch:elasticsearch-cli:6.4.3
|    |    +--- net.sf.jopt-simple:jopt-simple:5.0.2
|    |    \--- org.elasticsearch:elasticsearch-core:6.4.3
|    +--- com.carrotsearch:hppc:0.7.1
|    +--- joda-time:joda-time:2.10 -> 2.10.1
|    +--- com.tdunning:t-digest:3.2
|    +--- org.hdrhistogram:HdrHistogram:2.1.9
|    +--- org.apache.logging.log4j:log4j-api:2.11.1
|    \--- org.elasticsearch:jna:4.5.1
+--- org.elasticsearch.client:transport -> 6.4.3
|    +--- org.elasticsearch:elasticsearch:6.4.3 (*)
|    +--- org.elasticsearch.plugin:transport-netty4-client:6.4.3
|    |    +--- io.netty:netty-buffer:4.1.16.Final -> 4.1.31.Final
|    |    +--- io.netty:netty-codec:4.1.16.Final -> 4.1.31.Final
|    |    +--- io.netty:netty-codec-http:4.1.16.Final -> 4.1.31.Final
|    |    +--- io.netty:netty-common:4.1.16.Final -> 4.1.31.Final
|    |    +--- io.netty:netty-handler:4.1.16.Final -> 4.1.31.Final
|    |    +--- io.netty:netty-resolver:4.1.16.Final -> 4.1.31.Final
|    |    \--- io.netty:netty-transport:4.1.16.Final -> 4.1.31.Final
|    +--- org.elasticsearch.plugin:reindex-client:6.4.3
|    |    \--- org.elasticsearch.client:elasticsearch-rest-client:6.4.3
|    |         +--- org.apache.httpcomponents:httpclient:4.5.2 -> 4.5.6
|    |         +--- org.apache.httpcomponents:httpcore:4.4.5 -> 4.4.10
|    |         +--- org.apache.httpcomponents:httpasyncclient:4.1.2 -> 4.1.4
|    |         +--- org.apache.httpcomponents:httpcore-nio:4.4.5 -> 4.4.10
|    |         \--- commons-codec:commons-codec:1.10 -> 1.11
|    +--- org.elasticsearch.plugin:lang-mustache-client:6.4.3
|    |    \--- com.github.spullara.mustache.java:compiler:0.9.3
|    +--- org.elasticsearch.plugin:percolator-client:6.4.3
|    +--- org.elasticsearch.plugin:parent-join-client:6.4.3
|    \--- org.elasticsearch.plugin:rank-eval-client:6.4.3
\--- org.apache.logging.log4j:log4j-core:2.11.2
     \--- org.apache.logging.log4j:log4j-api:2.11.2 -> 2.11.1

runtimeClasspath - Runtime classpath of compilation 'main' (target  (jvm)).
+--- org.elasticsearch:elasticsearch -> 6.4.3
|    +--- org.elasticsearch:elasticsearch-core:6.4.3
|    +--- org.elasticsearch:elasticsearch-secure-sm:6.4.3
|    +--- org.elasticsearch:elasticsearch-x-content:6.4.3
|    |    +--- org.elasticsearch:elasticsearch-core:6.4.3
|    |    +--- org.yaml:snakeyaml:1.17 -> 1.23
|    |    +--- com.fasterxml.jackson.core:jackson-core:2.8.10 -> 2.9.8
|    |    +--- com.fasterxml.jackson.dataformat:jackson-dataformat-smile:2.8.10 -> 2.9.8
|    |    +--- com.fasterxml.jackson.dataformat:jackson-dataformat-yaml:2.8.10 -> 2.9.8
|    |    \--- com.fasterxml.jackson.dataformat:jackson-dataformat-cbor:2.8.10 -> 2.9.8
|    +--- org.apache.lucene:lucene-core:7.4.0
|    +--- org.apache.lucene:lucene-analyzers-common:7.4.0
|    +--- org.apache.lucene:lucene-backward-codecs:7.4.0
|    +--- org.apache.lucene:lucene-grouping:7.4.0
|    +--- org.apache.lucene:lucene-highlighter:7.4.0
|    +--- org.apache.lucene:lucene-join:7.4.0
|    +--- org.apache.lucene:lucene-memory:7.4.0
|    +--- org.apache.lucene:lucene-misc:7.4.0
|    +--- org.apache.lucene:lucene-queries:7.4.0
|    +--- org.apache.lucene:lucene-queryparser:7.4.0
|    +--- org.apache.lucene:lucene-sandbox:7.4.0
|    +--- org.apache.lucene:lucene-spatial:7.4.0
|    +--- org.apache.lucene:lucene-spatial-extras:7.4.0
|    +--- org.apache.lucene:lucene-spatial3d:7.4.0
|    +--- org.apache.lucene:lucene-suggest:7.4.0
|    +--- org.elasticsearch:elasticsearch-cli:6.4.3
|    |    +--- net.sf.jopt-simple:jopt-simple:5.0.2
|    |    \--- org.elasticsearch:elasticsearch-core:6.4.3
|    +--- com.carrotsearch:hppc:0.7.1
|    +--- joda-time:joda-time:2.10 -> 2.10.1
|    +--- com.tdunning:t-digest:3.2
|    +--- org.hdrhistogram:HdrHistogram:2.1.9
|    +--- org.apache.logging.log4j:log4j-api:2.11.1
|    \--- org.elasticsearch:jna:4.5.1
+--- org.elasticsearch.client:transport -> 6.4.3
|    +--- org.elasticsearch:elasticsearch:6.4.3 (*)
|    +--- org.elasticsearch.plugin:transport-netty4-client:6.4.3
|    |    +--- io.netty:netty-buffer:4.1.16.Final -> 4.1.31.Final
|    |    +--- io.netty:netty-codec:4.1.16.Final -> 4.1.31.Final
|    |    +--- io.netty:netty-codec-http:4.1.16.Final -> 4.1.31.Final
|    |    +--- io.netty:netty-common:4.1.16.Final -> 4.1.31.Final
|    |    +--- io.netty:netty-handler:4.1.16.Final -> 4.1.31.Final
|    |    +--- io.netty:netty-resolver:4.1.16.Final -> 4.1.31.Final
|    |    \--- io.netty:netty-transport:4.1.16.Final -> 4.1.31.Final
|    +--- org.elasticsearch.plugin:reindex-client:6.4.3
|    |    \--- org.elasticsearch.client:elasticsearch-rest-client:6.4.3
|    |         +--- org.apache.httpcomponents:httpclient:4.5.2 -> 4.5.6
|    |         +--- org.apache.httpcomponents:httpcore:4.4.5 -> 4.4.10
|    |         +--- org.apache.httpcomponents:httpasyncclient:4.1.2 -> 4.1.4
|    |         +--- org.apache.httpcomponents:httpcore-nio:4.4.5 -> 4.4.10
|    |         \--- commons-codec:commons-codec:1.10 -> 1.11
|    +--- org.elasticsearch.plugin:lang-mustache-client:6.4.3
|    |    \--- com.github.spullara.mustache.java:compiler:0.9.3
|    +--- org.elasticsearch.plugin:percolator-client:6.4.3
|    +--- org.elasticsearch.plugin:parent-join-client:6.4.3
|    \--- org.elasticsearch.plugin:rank-eval-client:6.4.3
+--- org.apache.logging.log4j:log4j-core:2.11.2
|    \--- org.apache.logging.log4j:log4j-api:2.11.2 -> 2.11.1
+--- org.springframework.boot:spring-boot-starter -> 2.1.2.RELEASE
|    +--- org.springframework.boot:spring-boot:2.1.2.RELEASE
|    |    +--- org.springframework:spring-core:5.1.4.RELEASE
|    |    |    \--- org.springframework:spring-jcl:5.1.4.RELEASE
|    |    \--- org.springframework:spring-context:5.1.4.RELEASE
|    |         +--- org.springframework:spring-aop:5.1.4.RELEASE
|    |         |    +--- org.springframework:spring-beans:5.1.4.RELEASE
|    |         |    |    \--- org.springframework:spring-core:5.1.4.RELEASE (*)
|    |         |    \--- org.springframework:spring-core:5.1.4.RELEASE (*)
|    |         +--- org.springframework:spring-beans:5.1.4.RELEASE (*)
|    |         +--- org.springframework:spring-core:5.1.4.RELEASE (*)
|    |         \--- org.springframework:spring-expression:5.1.4.RELEASE
|    |              \--- org.springframework:spring-core:5.1.4.RELEASE (*)
|    +--- org.springframework.boot:spring-boot-autoconfigure:2.1.2.RELEASE
|    |    \--- org.springframework.boot:spring-boot:2.1.2.RELEASE (*)
|    +--- org.springframework.boot:spring-boot-starter-logging:2.1.2.RELEASE
|    |    +--- ch.qos.logback:logback-classic:1.2.3
|    |    |    +--- ch.qos.logback:logback-core:1.2.3
|    |    |    \--- org.slf4j:slf4j-api:1.7.25
|    |    +--- org.apache.logging.log4j:log4j-to-slf4j:2.11.1
|    |    |    +--- org.slf4j:slf4j-api:1.7.25
|    |    |    \--- org.apache.logging.log4j:log4j-api:2.11.1
|    |    \--- org.slf4j:jul-to-slf4j:1.7.25
|    |         \--- org.slf4j:slf4j-api:1.7.25
|    +--- javax.annotation:javax.annotation-api:1.3.2
|    +--- org.springframework:spring-core:5.1.4.RELEASE (*)
|    \--- org.yaml:snakeyaml:1.23
+--- org.jetbrains.kotlin:kotlin-reflect:1.2.71
|    \--- org.jetbrains.kotlin:kotlin-stdlib:1.2.71
|         +--- org.jetbrains.kotlin:kotlin-stdlib-common:1.2.71
|         \--- org.jetbrains:annotations:13.0
\--- org.jetbrains.kotlin:kotlin-stdlib-jdk8:1.2.71
     +--- org.jetbrains.kotlin:kotlin-stdlib:1.2.71 (*)
     \--- org.jetbrains.kotlin:kotlin-stdlib-jdk7:1.2.71
          \--- org.jetbrains.kotlin:kotlin-stdlib:1.2.71 (*)

runtimeElements - Elements of runtime for main. (n)
No dependencies

runtimeOnly - Runtime only dependencies for compilation 'main' (target  (jvm)). (n)
No dependencies

runtimeOnlyDependenciesMetadata
No dependencies

testAnnotationProcessor - Annotation processors and their dependencies for source set 'test'.
No dependencies

testApi - API dependencies for compilation 'test' (target  (jvm)). (n)
No dependencies

testApiDependenciesMetadata
+--- org.elasticsearch:elasticsearch -> 6.4.3
|    +--- org.elasticsearch:elasticsearch-core:6.4.3
|    +--- org.elasticsearch:elasticsearch-secure-sm:6.4.3
|    +--- org.elasticsearch:elasticsearch-x-content:6.4.3
|    |    +--- org.elasticsearch:elasticsearch-core:6.4.3
|    |    +--- org.yaml:snakeyaml:1.17 -> 1.23
|    |    +--- com.fasterxml.jackson.core:jackson-core:2.8.10 -> 2.9.8
|    |    +--- com.fasterxml.jackson.dataformat:jackson-dataformat-smile:2.8.10 -> 2.9.8
|    |    +--- com.fasterxml.jackson.dataformat:jackson-dataformat-yaml:2.8.10 -> 2.9.8
|    |    \--- com.fasterxml.jackson.dataformat:jackson-dataformat-cbor:2.8.10 -> 2.9.8
|    +--- org.apache.lucene:lucene-core:7.4.0
|    +--- org.apache.lucene:lucene-analyzers-common:7.4.0
|    +--- org.apache.lucene:lucene-backward-codecs:7.4.0
|    +--- org.apache.lucene:lucene-grouping:7.4.0
|    +--- org.apache.lucene:lucene-highlighter:7.4.0
|    +--- org.apache.lucene:lucene-join:7.4.0
|    +--- org.apache.lucene:lucene-memory:7.4.0
|    +--- org.apache.lucene:lucene-misc:7.4.0
|    +--- org.apache.lucene:lucene-queries:7.4.0
|    +--- org.apache.lucene:lucene-queryparser:7.4.0
|    +--- org.apache.lucene:lucene-sandbox:7.4.0
|    +--- org.apache.lucene:lucene-spatial:7.4.0
|    +--- org.apache.lucene:lucene-spatial-extras:7.4.0
|    +--- org.apache.lucene:lucene-spatial3d:7.4.0
|    +--- org.apache.lucene:lucene-suggest:7.4.0
|    +--- org.elasticsearch:elasticsearch-cli:6.4.3
|    |    +--- net.sf.jopt-simple:jopt-simple:5.0.2
|    |    \--- org.elasticsearch:elasticsearch-core:6.4.3
|    +--- com.carrotsearch:hppc:0.7.1
|    +--- joda-time:joda-time:2.10 -> 2.10.1
|    +--- com.tdunning:t-digest:3.2
|    +--- org.hdrhistogram:HdrHistogram:2.1.9
|    +--- org.apache.logging.log4j:log4j-api:2.11.1
|    \--- org.elasticsearch:jna:4.5.1
+--- org.elasticsearch.client:transport -> 6.4.3
|    +--- org.elasticsearch:elasticsearch:6.4.3 (*)
|    +--- org.elasticsearch.plugin:transport-netty4-client:6.4.3
|    |    +--- io.netty:netty-buffer:4.1.16.Final -> 4.1.31.Final
|    |    +--- io.netty:netty-codec:4.1.16.Final -> 4.1.31.Final
|    |    +--- io.netty:netty-codec-http:4.1.16.Final -> 4.1.31.Final
|    |    +--- io.netty:netty-common:4.1.16.Final -> 4.1.31.Final
|    |    +--- io.netty:netty-handler:4.1.16.Final -> 4.1.31.Final
|    |    +--- io.netty:netty-resolver:4.1.16.Final -> 4.1.31.Final
|    |    \--- io.netty:netty-transport:4.1.16.Final -> 4.1.31.Final
|    +--- org.elasticsearch.plugin:reindex-client:6.4.3
|    |    \--- org.elasticsearch.client:elasticsearch-rest-client:6.4.3
|    |         +--- org.apache.httpcomponents:httpclient:4.5.2 -> 4.5.6
|    |         +--- org.apache.httpcomponents:httpcore:4.4.5 -> 4.4.10
|    |         +--- org.apache.httpcomponents:httpasyncclient:4.1.2 -> 4.1.4
|    |         +--- org.apache.httpcomponents:httpcore-nio:4.4.5 -> 4.4.10
|    |         \--- commons-codec:commons-codec:1.10 -> 1.11
|    +--- org.elasticsearch.plugin:lang-mustache-client:6.4.3
|    |    \--- com.github.spullara.mustache.java:compiler:0.9.3
|    +--- org.elasticsearch.plugin:percolator-client:6.4.3
|    +--- org.elasticsearch.plugin:parent-join-client:6.4.3
|    \--- org.elasticsearch.plugin:rank-eval-client:6.4.3
+--- org.apache.logging.log4j:log4j-core:2.11.2
|    \--- org.apache.logging.log4j:log4j-api:2.11.2 -> 2.11.1
\--- org.junit.jupiter:junit-jupiter-api -> 5.3.2
     +--- org.apiguardian:apiguardian-api:1.0.0
     +--- org.opentest4j:opentest4j:1.1.1
     \--- org.junit.platform:junit-platform-commons:1.3.2
          \--- org.apiguardian:apiguardian-api:1.0.0

testCompile - Dependencies for compilation 'test' (target  (jvm)) (deprecated, use 'testImplementation ' instead).
+--- org.elasticsearch:elasticsearch -> 6.4.3
|    +--- org.elasticsearch:elasticsearch-core:6.4.3
|    +--- org.elasticsearch:elasticsearch-secure-sm:6.4.3
|    +--- org.elasticsearch:elasticsearch-x-content:6.4.3
|    |    +--- org.elasticsearch:elasticsearch-core:6.4.3
|    |    +--- org.yaml:snakeyaml:1.17 -> 1.23
|    |    +--- com.fasterxml.jackson.core:jackson-core:2.8.10 -> 2.9.8
|    |    +--- com.fasterxml.jackson.dataformat:jackson-dataformat-smile:2.8.10 -> 2.9.8
|    |    +--- com.fasterxml.jackson.dataformat:jackson-dataformat-yaml:2.8.10 -> 2.9.8
|    |    \--- com.fasterxml.jackson.dataformat:jackson-dataformat-cbor:2.8.10 -> 2.9.8
|    +--- org.apache.lucene:lucene-core:7.4.0
|    +--- org.apache.lucene:lucene-analyzers-common:7.4.0
|    +--- org.apache.lucene:lucene-backward-codecs:7.4.0
|    +--- org.apache.lucene:lucene-grouping:7.4.0
|    +--- org.apache.lucene:lucene-highlighter:7.4.0
|    +--- org.apache.lucene:lucene-join:7.4.0
|    +--- org.apache.lucene:lucene-memory:7.4.0
|    +--- org.apache.lucene:lucene-misc:7.4.0
|    +--- org.apache.lucene:lucene-queries:7.4.0
|    +--- org.apache.lucene:lucene-queryparser:7.4.0
|    +--- org.apache.lucene:lucene-sandbox:7.4.0
|    +--- org.apache.lucene:lucene-spatial:7.4.0
|    +--- org.apache.lucene:lucene-spatial-extras:7.4.0
|    +--- org.apache.lucene:lucene-spatial3d:7.4.0
|    +--- org.apache.lucene:lucene-suggest:7.4.0
|    +--- org.elasticsearch:elasticsearch-cli:6.4.3
|    |    +--- net.sf.jopt-simple:jopt-simple:5.0.2
|    |    \--- org.elasticsearch:elasticsearch-core:6.4.3
|    +--- com.carrotsearch:hppc:0.7.1
|    +--- joda-time:joda-time:2.10 -> 2.10.1
|    +--- com.tdunning:t-digest:3.2
|    +--- org.hdrhistogram:HdrHistogram:2.1.9
|    +--- org.apache.logging.log4j:log4j-api:2.11.1
|    \--- org.elasticsearch:jna:4.5.1
+--- org.elasticsearch.client:transport -> 6.4.3
|    +--- org.elasticsearch:elasticsearch:6.4.3 (*)
|    +--- org.elasticsearch.plugin:transport-netty4-client:6.4.3
|    |    +--- io.netty:netty-buffer:4.1.16.Final -> 4.1.31.Final
|    |    +--- io.netty:netty-codec:4.1.16.Final -> 4.1.31.Final
|    |    +--- io.netty:netty-codec-http:4.1.16.Final -> 4.1.31.Final
|    |    +--- io.netty:netty-common:4.1.16.Final -> 4.1.31.Final
|    |    +--- io.netty:netty-handler:4.1.16.Final -> 4.1.31.Final
|    |    +--- io.netty:netty-resolver:4.1.16.Final -> 4.1.31.Final
|    |    \--- io.netty:netty-transport:4.1.16.Final -> 4.1.31.Final
|    +--- org.elasticsearch.plugin:reindex-client:6.4.3
|    |    \--- org.elasticsearch.client:elasticsearch-rest-client:6.4.3
|    |         +--- org.apache.httpcomponents:httpclient:4.5.2 -> 4.5.6
|    |         +--- org.apache.httpcomponents:httpcore:4.4.5 -> 4.4.10
|    |         +--- org.apache.httpcomponents:httpasyncclient:4.1.2 -> 4.1.4
|    |         +--- org.apache.httpcomponents:httpcore-nio:4.4.5 -> 4.4.10
|    |         \--- commons-codec:commons-codec:1.10 -> 1.11
|    +--- org.elasticsearch.plugin:lang-mustache-client:6.4.3
|    |    \--- com.github.spullara.mustache.java:compiler:0.9.3
|    +--- org.elasticsearch.plugin:percolator-client:6.4.3
|    +--- org.elasticsearch.plugin:parent-join-client:6.4.3
|    \--- org.elasticsearch.plugin:rank-eval-client:6.4.3
+--- org.apache.logging.log4j:log4j-core:2.11.2
|    \--- org.apache.logging.log4j:log4j-api:2.11.2 -> 2.11.1
\--- org.junit.jupiter:junit-jupiter-api -> 5.3.2
     +--- org.apiguardian:apiguardian-api:1.0.0
     +--- org.opentest4j:opentest4j:1.1.1
     \--- org.junit.platform:junit-platform-commons:1.3.2
          \--- org.apiguardian:apiguardian-api:1.0.0

testCompileClasspath - Compile classpath for compilation 'test' (target  (jvm)).
+--- org.elasticsearch:elasticsearch -> 6.4.3
|    +--- org.elasticsearch:elasticsearch-core:6.4.3
|    +--- org.elasticsearch:elasticsearch-secure-sm:6.4.3
|    +--- org.elasticsearch:elasticsearch-x-content:6.4.3
|    |    +--- org.elasticsearch:elasticsearch-core:6.4.3
|    |    +--- org.yaml:snakeyaml:1.17 -> 1.23
|    |    +--- com.fasterxml.jackson.core:jackson-core:2.8.10 -> 2.9.8
|    |    +--- com.fasterxml.jackson.dataformat:jackson-dataformat-smile:2.8.10 -> 2.9.8
|    |    +--- com.fasterxml.jackson.dataformat:jackson-dataformat-yaml:2.8.10 -> 2.9.8
|    |    \--- com.fasterxml.jackson.dataformat:jackson-dataformat-cbor:2.8.10 -> 2.9.8
|    +--- org.apache.lucene:lucene-core:7.4.0
|    +--- org.apache.lucene:lucene-analyzers-common:7.4.0
|    +--- org.apache.lucene:lucene-backward-codecs:7.4.0
|    +--- org.apache.lucene:lucene-grouping:7.4.0
|    +--- org.apache.lucene:lucene-highlighter:7.4.0
|    +--- org.apache.lucene:lucene-join:7.4.0
|    +--- org.apache.lucene:lucene-memory:7.4.0
|    +--- org.apache.lucene:lucene-misc:7.4.0
|    +--- org.apache.lucene:lucene-queries:7.4.0
|    +--- org.apache.lucene:lucene-queryparser:7.4.0
|    +--- org.apache.lucene:lucene-sandbox:7.4.0
|    +--- org.apache.lucene:lucene-spatial:7.4.0
|    +--- org.apache.lucene:lucene-spatial-extras:7.4.0
|    +--- org.apache.lucene:lucene-spatial3d:7.4.0
|    +--- org.apache.lucene:lucene-suggest:7.4.0
|    +--- org.elasticsearch:elasticsearch-cli:6.4.3
|    |    +--- net.sf.jopt-simple:jopt-simple:5.0.2
|    |    \--- org.elasticsearch:elasticsearch-core:6.4.3
|    +--- com.carrotsearch:hppc:0.7.1
|    +--- joda-time:joda-time:2.10 -> 2.10.1
|    +--- com.tdunning:t-digest:3.2
|    +--- org.hdrhistogram:HdrHistogram:2.1.9
|    +--- org.apache.logging.log4j:log4j-api:2.11.1
|    \--- org.elasticsearch:jna:4.5.1
+--- org.elasticsearch.client:transport -> 6.4.3
|    +--- org.elasticsearch:elasticsearch:6.4.3 (*)
|    +--- org.elasticsearch.plugin:transport-netty4-client:6.4.3
|    |    +--- io.netty:netty-buffer:4.1.16.Final -> 4.1.31.Final
|    |    +--- io.netty:netty-codec:4.1.16.Final -> 4.1.31.Final
|    |    +--- io.netty:netty-codec-http:4.1.16.Final -> 4.1.31.Final
|    |    +--- io.netty:netty-common:4.1.16.Final -> 4.1.31.Final
|    |    +--- io.netty:netty-handler:4.1.16.Final -> 4.1.31.Final
|    |    +--- io.netty:netty-resolver:4.1.16.Final -> 4.1.31.Final
|    |    \--- io.netty:netty-transport:4.1.16.Final -> 4.1.31.Final
|    +--- org.elasticsearch.plugin:reindex-client:6.4.3
|    |    \--- org.elasticsearch.client:elasticsearch-rest-client:6.4.3
|    |         +--- org.apache.httpcomponents:httpclient:4.5.2 -> 4.5.6
|    |         +--- org.apache.httpcomponents:httpcore:4.4.5 -> 4.4.10
|    |         +--- org.apache.httpcomponents:httpasyncclient:4.1.2 -> 4.1.4
|    |         +--- org.apache.httpcomponents:httpcore-nio:4.4.5 -> 4.4.10
|    |         \--- commons-codec:commons-codec:1.10 -> 1.11
|    +--- org.elasticsearch.plugin:lang-mustache-client:6.4.3
|    |    \--- com.github.spullara.mustache.java:compiler:0.9.3
|    +--- org.elasticsearch.plugin:percolator-client:6.4.3
|    +--- org.elasticsearch.plugin:parent-join-client:6.4.3
|    \--- org.elasticsearch.plugin:rank-eval-client:6.4.3
+--- org.apache.logging.log4j:log4j-core:2.11.2
|    \--- org.apache.logging.log4j:log4j-api:2.11.2 -> 2.11.1
+--- org.springframework.boot:spring-boot-starter -> 2.1.2.RELEASE
|    +--- org.springframework.boot:spring-boot:2.1.2.RELEASE
|    |    +--- org.springframework:spring-core:5.1.4.RELEASE
|    |    |    \--- org.springframework:spring-jcl:5.1.4.RELEASE
|    |    \--- org.springframework:spring-context:5.1.4.RELEASE
|    |         +--- org.springframework:spring-aop:5.1.4.RELEASE
|    |         |    +--- org.springframework:spring-beans:5.1.4.RELEASE
|    |         |    |    \--- org.springframework:spring-core:5.1.4.RELEASE (*)
|    |         |    \--- org.springframework:spring-core:5.1.4.RELEASE (*)
|    |         +--- org.springframework:spring-beans:5.1.4.RELEASE (*)
|    |         +--- org.springframework:spring-core:5.1.4.RELEASE (*)
|    |         \--- org.springframework:spring-expression:5.1.4.RELEASE
|    |              \--- org.springframework:spring-core:5.1.4.RELEASE (*)
|    +--- org.springframework.boot:spring-boot-autoconfigure:2.1.2.RELEASE
|    |    \--- org.springframework.boot:spring-boot:2.1.2.RELEASE (*)
|    +--- org.springframework.boot:spring-boot-starter-logging:2.1.2.RELEASE
|    |    +--- ch.qos.logback:logback-classic:1.2.3
|    |    |    +--- ch.qos.logback:logback-core:1.2.3
|    |    |    \--- org.slf4j:slf4j-api:1.7.25
|    |    +--- org.apache.logging.log4j:log4j-to-slf4j:2.11.1
|    |    |    +--- org.slf4j:slf4j-api:1.7.25
|    |    |    \--- org.apache.logging.log4j:log4j-api:2.11.1
|    |    \--- org.slf4j:jul-to-slf4j:1.7.25
|    |         \--- org.slf4j:slf4j-api:1.7.25
|    +--- javax.annotation:javax.annotation-api:1.3.2
|    +--- org.springframework:spring-core:5.1.4.RELEASE (*)
|    \--- org.yaml:snakeyaml:1.23
+--- org.jetbrains.kotlin:kotlin-reflect:1.2.71
|    \--- org.jetbrains.kotlin:kotlin-stdlib:1.2.71
|         +--- org.jetbrains.kotlin:kotlin-stdlib-common:1.2.71
|         \--- org.jetbrains:annotations:13.0
+--- org.jetbrains.kotlin:kotlin-stdlib-jdk8:1.2.71
|    +--- org.jetbrains.kotlin:kotlin-stdlib:1.2.71 (*)
|    \--- org.jetbrains.kotlin:kotlin-stdlib-jdk7:1.2.71
|         \--- org.jetbrains.kotlin:kotlin-stdlib:1.2.71 (*)
+--- org.junit.jupiter:junit-jupiter-api -> 5.3.2
|    +--- org.apiguardian:apiguardian-api:1.0.0
|    +--- org.opentest4j:opentest4j:1.1.1
|    \--- org.junit.platform:junit-platform-commons:1.3.2
|         \--- org.apiguardian:apiguardian-api:1.0.0
\--- org.springframework.boot:spring-boot-starter-test -> 2.1.2.RELEASE
     +--- org.springframework.boot:spring-boot-starter:2.1.2.RELEASE (*)
     +--- org.springframework.boot:spring-boot-test:2.1.2.RELEASE
     |    \--- org.springframework.boot:spring-boot:2.1.2.RELEASE (*)
     +--- org.springframework.boot:spring-boot-test-autoconfigure:2.1.2.RELEASE
     |    +--- org.springframework.boot:spring-boot-test:2.1.2.RELEASE (*)
     |    \--- org.springframework.boot:spring-boot-autoconfigure:2.1.2.RELEASE (*)
     +--- com.jayway.jsonpath:json-path:2.4.0
     |    +--- net.minidev:json-smart:2.3
     |    |    \--- net.minidev:accessors-smart:1.2
     |    |         \--- org.ow2.asm:asm:5.0.4
     |    \--- org.slf4j:slf4j-api:1.7.25
     +--- org.assertj:assertj-core:3.11.1
     +--- org.mockito:mockito-core:2.23.4
     |    +--- net.bytebuddy:byte-buddy:1.9.3 -> 1.9.7
     |    +--- net.bytebuddy:byte-buddy-agent:1.9.3 -> 1.9.7
     |    \--- org.objenesis:objenesis:2.6
     +--- org.hamcrest:hamcrest-core:1.3
     +--- org.hamcrest:hamcrest-library:1.3
     |    \--- org.hamcrest:hamcrest-core:1.3
     +--- org.skyscreamer:jsonassert:1.5.0
     |    \--- com.vaadin.external.google:android-json:0.0.20131108.vaadin1
     +--- org.springframework:spring-core:5.1.4.RELEASE (*)
     +--- org.springframework:spring-test:5.1.4.RELEASE
     |    \--- org.springframework:spring-core:5.1.4.RELEASE (*)
     \--- org.xmlunit:xmlunit-core:2.6.2

testCompileOnly - Compile only dependencies for compilation 'test' (target  (jvm)).
No dependencies

testCompileOnlyDependenciesMetadata
No dependencies

testImplementation - Implementation only dependencies for compilation 'test' (target  (jvm)). (n)
\--- org.springframework.boot:spring-boot-starter-test (n)

testImplementationDependenciesMetadata
+--- org.elasticsearch:elasticsearch -> 6.4.3
|    +--- org.elasticsearch:elasticsearch-core:6.4.3
|    +--- org.elasticsearch:elasticsearch-secure-sm:6.4.3
|    +--- org.elasticsearch:elasticsearch-x-content:6.4.3
|    |    +--- org.elasticsearch:elasticsearch-core:6.4.3
|    |    +--- org.yaml:snakeyaml:1.17 -> 1.23
|    |    +--- com.fasterxml.jackson.core:jackson-core:2.8.10 -> 2.9.8
|    |    +--- com.fasterxml.jackson.dataformat:jackson-dataformat-smile:2.8.10 -> 2.9.8
|    |    +--- com.fasterxml.jackson.dataformat:jackson-dataformat-yaml:2.8.10 -> 2.9.8
|    |    \--- com.fasterxml.jackson.dataformat:jackson-dataformat-cbor:2.8.10 -> 2.9.8
|    +--- org.apache.lucene:lucene-core:7.4.0
|    +--- org.apache.lucene:lucene-analyzers-common:7.4.0
|    +--- org.apache.lucene:lucene-backward-codecs:7.4.0
|    +--- org.apache.lucene:lucene-grouping:7.4.0
|    +--- org.apache.lucene:lucene-highlighter:7.4.0
|    +--- org.apache.lucene:lucene-join:7.4.0
|    +--- org.apache.lucene:lucene-memory:7.4.0
|    +--- org.apache.lucene:lucene-misc:7.4.0
|    +--- org.apache.lucene:lucene-queries:7.4.0
|    +--- org.apache.lucene:lucene-queryparser:7.4.0
|    +--- org.apache.lucene:lucene-sandbox:7.4.0
|    +--- org.apache.lucene:lucene-spatial:7.4.0
|    +--- org.apache.lucene:lucene-spatial-extras:7.4.0
|    +--- org.apache.lucene:lucene-spatial3d:7.4.0
|    +--- org.apache.lucene:lucene-suggest:7.4.0
|    +--- org.elasticsearch:elasticsearch-cli:6.4.3
|    |    +--- net.sf.jopt-simple:jopt-simple:5.0.2
|    |    \--- org.elasticsearch:elasticsearch-core:6.4.3
|    +--- com.carrotsearch:hppc:0.7.1
|    +--- joda-time:joda-time:2.10 -> 2.10.1
|    +--- com.tdunning:t-digest:3.2
|    +--- org.hdrhistogram:HdrHistogram:2.1.9
|    +--- org.apache.logging.log4j:log4j-api:2.11.1
|    \--- org.elasticsearch:jna:4.5.1
+--- org.elasticsearch.client:transport -> 6.4.3
|    +--- org.elasticsearch:elasticsearch:6.4.3 (*)
|    +--- org.elasticsearch.plugin:transport-netty4-client:6.4.3
|    |    +--- io.netty:netty-buffer:4.1.16.Final -> 4.1.31.Final
|    |    +--- io.netty:netty-codec:4.1.16.Final -> 4.1.31.Final
|    |    +--- io.netty:netty-codec-http:4.1.16.Final -> 4.1.31.Final
|    |    +--- io.netty:netty-common:4.1.16.Final -> 4.1.31.Final
|    |    +--- io.netty:netty-handler:4.1.16.Final -> 4.1.31.Final
|    |    +--- io.netty:netty-resolver:4.1.16.Final -> 4.1.31.Final
|    |    \--- io.netty:netty-transport:4.1.16.Final -> 4.1.31.Final
|    +--- org.elasticsearch.plugin:reindex-client:6.4.3
|    |    \--- org.elasticsearch.client:elasticsearch-rest-client:6.4.3
|    |         +--- org.apache.httpcomponents:httpclient:4.5.2 -> 4.5.6
|    |         +--- org.apache.httpcomponents:httpcore:4.4.5 -> 4.4.10
|    |         +--- org.apache.httpcomponents:httpasyncclient:4.1.2 -> 4.1.4
|    |         +--- org.apache.httpcomponents:httpcore-nio:4.4.5 -> 4.4.10
|    |         \--- commons-codec:commons-codec:1.10 -> 1.11
|    +--- org.elasticsearch.plugin:lang-mustache-client:6.4.3
|    |    \--- com.github.spullara.mustache.java:compiler:0.9.3
|    +--- org.elasticsearch.plugin:percolator-client:6.4.3
|    +--- org.elasticsearch.plugin:parent-join-client:6.4.3
|    \--- org.elasticsearch.plugin:rank-eval-client:6.4.3
+--- org.apache.logging.log4j:log4j-core:2.11.2
|    \--- org.apache.logging.log4j:log4j-api:2.11.2 -> 2.11.1
+--- org.springframework.boot:spring-boot-starter -> 2.1.2.RELEASE
|    +--- org.springframework.boot:spring-boot:2.1.2.RELEASE
|    |    +--- org.springframework:spring-core:5.1.4.RELEASE
|    |    |    \--- org.springframework:spring-jcl:5.1.4.RELEASE
|    |    \--- org.springframework:spring-context:5.1.4.RELEASE
|    |         +--- org.springframework:spring-aop:5.1.4.RELEASE
|    |         |    +--- org.springframework:spring-beans:5.1.4.RELEASE
|    |         |    |    \--- org.springframework:spring-core:5.1.4.RELEASE (*)
|    |         |    \--- org.springframework:spring-core:5.1.4.RELEASE (*)
|    |         +--- org.springframework:spring-beans:5.1.4.RELEASE (*)
|    |         +--- org.springframework:spring-core:5.1.4.RELEASE (*)
|    |         \--- org.springframework:spring-expression:5.1.4.RELEASE
|    |              \--- org.springframework:spring-core:5.1.4.RELEASE (*)
|    +--- org.springframework.boot:spring-boot-autoconfigure:2.1.2.RELEASE
|    |    \--- org.springframework.boot:spring-boot:2.1.2.RELEASE (*)
|    +--- org.springframework.boot:spring-boot-starter-logging:2.1.2.RELEASE
|    |    +--- ch.qos.logback:logback-classic:1.2.3
|    |    |    +--- ch.qos.logback:logback-core:1.2.3
|    |    |    \--- org.slf4j:slf4j-api:1.7.25
|    |    +--- org.apache.logging.log4j:log4j-to-slf4j:2.11.1
|    |    |    +--- org.slf4j:slf4j-api:1.7.25
|    |    |    \--- org.apache.logging.log4j:log4j-api:2.11.1
|    |    \--- org.slf4j:jul-to-slf4j:1.7.25
|    |         \--- org.slf4j:slf4j-api:1.7.25
|    +--- javax.annotation:javax.annotation-api:1.3.2
|    +--- org.springframework:spring-core:5.1.4.RELEASE (*)
|    \--- org.yaml:snakeyaml:1.23
+--- org.jetbrains.kotlin:kotlin-reflect:1.2.71
|    \--- org.jetbrains.kotlin:kotlin-stdlib:1.2.71
|         +--- org.jetbrains.kotlin:kotlin-stdlib-common:1.2.71
|         \--- org.jetbrains:annotations:13.0
+--- org.jetbrains.kotlin:kotlin-stdlib-jdk8:1.2.71
|    +--- org.jetbrains.kotlin:kotlin-stdlib:1.2.71 (*)
|    \--- org.jetbrains.kotlin:kotlin-stdlib-jdk7:1.2.71
|         \--- org.jetbrains.kotlin:kotlin-stdlib:1.2.71 (*)
+--- org.junit.jupiter:junit-jupiter-api -> 5.3.2
|    +--- org.apiguardian:apiguardian-api:1.0.0
|    +--- org.opentest4j:opentest4j:1.1.1
|    \--- org.junit.platform:junit-platform-commons:1.3.2
|         \--- org.apiguardian:apiguardian-api:1.0.0
\--- org.springframework.boot:spring-boot-starter-test -> 2.1.2.RELEASE
     +--- org.springframework.boot:spring-boot-starter:2.1.2.RELEASE (*)
     +--- org.springframework.boot:spring-boot-test:2.1.2.RELEASE
     |    \--- org.springframework.boot:spring-boot:2.1.2.RELEASE (*)
     +--- org.springframework.boot:spring-boot-test-autoconfigure:2.1.2.RELEASE
     |    +--- org.springframework.boot:spring-boot-test:2.1.2.RELEASE (*)
     |    \--- org.springframework.boot:spring-boot-autoconfigure:2.1.2.RELEASE (*)
     +--- com.jayway.jsonpath:json-path:2.4.0
     |    +--- net.minidev:json-smart:2.3
     |    |    \--- net.minidev:accessors-smart:1.2
     |    |         \--- org.ow2.asm:asm:5.0.4
     |    \--- org.slf4j:slf4j-api:1.7.25
     +--- org.assertj:assertj-core:3.11.1
     +--- org.mockito:mockito-core:2.23.4
     |    +--- net.bytebuddy:byte-buddy:1.9.3 -> 1.9.7
     |    +--- net.bytebuddy:byte-buddy-agent:1.9.3 -> 1.9.7
     |    \--- org.objenesis:objenesis:2.6
     +--- org.hamcrest:hamcrest-core:1.3
     +--- org.hamcrest:hamcrest-library:1.3
     |    \--- org.hamcrest:hamcrest-core:1.3
     +--- org.skyscreamer:jsonassert:1.5.0
     |    \--- com.vaadin.external.google:android-json:0.0.20131108.vaadin1
     +--- org.springframework:spring-core:5.1.4.RELEASE (*)
     +--- org.springframework:spring-test:5.1.4.RELEASE
     |    \--- org.springframework:spring-core:5.1.4.RELEASE (*)
     \--- org.xmlunit:xmlunit-core:2.6.2

testRuntime - Runtime dependencies for compilation 'test' (target  (jvm)) (deprecated, use 'testRuntimeOnly ' instead).
+--- org.elasticsearch:elasticsearch -> 6.4.3
|    +--- org.elasticsearch:elasticsearch-core:6.4.3
|    +--- org.elasticsearch:elasticsearch-secure-sm:6.4.3
|    +--- org.elasticsearch:elasticsearch-x-content:6.4.3
|    |    +--- org.elasticsearch:elasticsearch-core:6.4.3
|    |    +--- org.yaml:snakeyaml:1.17 -> 1.23
|    |    +--- com.fasterxml.jackson.core:jackson-core:2.8.10 -> 2.9.8
|    |    +--- com.fasterxml.jackson.dataformat:jackson-dataformat-smile:2.8.10 -> 2.9.8
|    |    +--- com.fasterxml.jackson.dataformat:jackson-dataformat-yaml:2.8.10 -> 2.9.8
|    |    \--- com.fasterxml.jackson.dataformat:jackson-dataformat-cbor:2.8.10 -> 2.9.8
|    +--- org.apache.lucene:lucene-core:7.4.0
|    +--- org.apache.lucene:lucene-analyzers-common:7.4.0
|    +--- org.apache.lucene:lucene-backward-codecs:7.4.0
|    +--- org.apache.lucene:lucene-grouping:7.4.0
|    +--- org.apache.lucene:lucene-highlighter:7.4.0
|    +--- org.apache.lucene:lucene-join:7.4.0
|    +--- org.apache.lucene:lucene-memory:7.4.0
|    +--- org.apache.lucene:lucene-misc:7.4.0
|    +--- org.apache.lucene:lucene-queries:7.4.0
|    +--- org.apache.lucene:lucene-queryparser:7.4.0
|    +--- org.apache.lucene:lucene-sandbox:7.4.0
|    +--- org.apache.lucene:lucene-spatial:7.4.0
|    +--- org.apache.lucene:lucene-spatial-extras:7.4.0
|    +--- org.apache.lucene:lucene-spatial3d:7.4.0
|    +--- org.apache.lucene:lucene-suggest:7.4.0
|    +--- org.elasticsearch:elasticsearch-cli:6.4.3
|    |    +--- net.sf.jopt-simple:jopt-simple:5.0.2
|    |    \--- org.elasticsearch:elasticsearch-core:6.4.3
|    +--- com.carrotsearch:hppc:0.7.1
|    +--- joda-time:joda-time:2.10 -> 2.10.1
|    +--- com.tdunning:t-digest:3.2
|    +--- org.hdrhistogram:HdrHistogram:2.1.9
|    +--- org.apache.logging.log4j:log4j-api:2.11.1
|    \--- org.elasticsearch:jna:4.5.1
+--- org.elasticsearch.client:transport -> 6.4.3
|    +--- org.elasticsearch:elasticsearch:6.4.3 (*)
|    +--- org.elasticsearch.plugin:transport-netty4-client:6.4.3
|    |    +--- io.netty:netty-buffer:4.1.16.Final -> 4.1.31.Final
|    |    +--- io.netty:netty-codec:4.1.16.Final -> 4.1.31.Final
|    |    +--- io.netty:netty-codec-http:4.1.16.Final -> 4.1.31.Final
|    |    +--- io.netty:netty-common:4.1.16.Final -> 4.1.31.Final
|    |    +--- io.netty:netty-handler:4.1.16.Final -> 4.1.31.Final
|    |    +--- io.netty:netty-resolver:4.1.16.Final -> 4.1.31.Final
|    |    \--- io.netty:netty-transport:4.1.16.Final -> 4.1.31.Final
|    +--- org.elasticsearch.plugin:reindex-client:6.4.3
|    |    \--- org.elasticsearch.client:elasticsearch-rest-client:6.4.3
|    |         +--- org.apache.httpcomponents:httpclient:4.5.2 -> 4.5.6
|    |         +--- org.apache.httpcomponents:httpcore:4.4.5 -> 4.4.10
|    |         +--- org.apache.httpcomponents:httpasyncclient:4.1.2 -> 4.1.4
|    |         +--- org.apache.httpcomponents:httpcore-nio:4.4.5 -> 4.4.10
|    |         \--- commons-codec:commons-codec:1.10 -> 1.11
|    +--- org.elasticsearch.plugin:lang-mustache-client:6.4.3
|    |    \--- com.github.spullara.mustache.java:compiler:0.9.3
|    +--- org.elasticsearch.plugin:percolator-client:6.4.3
|    +--- org.elasticsearch.plugin:parent-join-client:6.4.3
|    \--- org.elasticsearch.plugin:rank-eval-client:6.4.3
+--- org.apache.logging.log4j:log4j-core:2.11.2
|    \--- org.apache.logging.log4j:log4j-api:2.11.2 -> 2.11.1
+--- org.junit.jupiter:junit-jupiter-api -> 5.3.2
|    +--- org.apiguardian:apiguardian-api:1.0.0
|    +--- org.opentest4j:opentest4j:1.1.1
|    \--- org.junit.platform:junit-platform-commons:1.3.2
|         \--- org.apiguardian:apiguardian-api:1.0.0
\--- org.junit.jupiter:junit-jupiter-engine -> 5.3.2
     +--- org.apiguardian:apiguardian-api:1.0.0
     +--- org.junit.platform:junit-platform-engine:1.3.2
     |    +--- org.apiguardian:apiguardian-api:1.0.0
     |    +--- org.junit.platform:junit-platform-commons:1.3.2 (*)
     |    \--- org.opentest4j:opentest4j:1.1.1
     \--- org.junit.jupiter:junit-jupiter-api:5.3.2 (*)

testRuntimeClasspath - Runtime classpath of compilation 'test' (target  (jvm)).
+--- org.elasticsearch:elasticsearch -> 6.4.3
|    +--- org.elasticsearch:elasticsearch-core:6.4.3
|    +--- org.elasticsearch:elasticsearch-secure-sm:6.4.3
|    +--- org.elasticsearch:elasticsearch-x-content:6.4.3
|    |    +--- org.elasticsearch:elasticsearch-core:6.4.3
|    |    +--- org.yaml:snakeyaml:1.17 -> 1.23
|    |    +--- com.fasterxml.jackson.core:jackson-core:2.8.10 -> 2.9.8
|    |    +--- com.fasterxml.jackson.dataformat:jackson-dataformat-smile:2.8.10 -> 2.9.8
|    |    +--- com.fasterxml.jackson.dataformat:jackson-dataformat-yaml:2.8.10 -> 2.9.8
|    |    \--- com.fasterxml.jackson.dataformat:jackson-dataformat-cbor:2.8.10 -> 2.9.8
|    +--- org.apache.lucene:lucene-core:7.4.0
|    +--- org.apache.lucene:lucene-analyzers-common:7.4.0
|    +--- org.apache.lucene:lucene-backward-codecs:7.4.0
|    +--- org.apache.lucene:lucene-grouping:7.4.0
|    +--- org.apache.lucene:lucene-highlighter:7.4.0
|    +--- org.apache.lucene:lucene-join:7.4.0
|    +--- org.apache.lucene:lucene-memory:7.4.0
|    +--- org.apache.lucene:lucene-misc:7.4.0
|    +--- org.apache.lucene:lucene-queries:7.4.0
|    +--- org.apache.lucene:lucene-queryparser:7.4.0
|    +--- org.apache.lucene:lucene-sandbox:7.4.0
|    +--- org.apache.lucene:lucene-spatial:7.4.0
|    +--- org.apache.lucene:lucene-spatial-extras:7.4.0
|    +--- org.apache.lucene:lucene-spatial3d:7.4.0
|    +--- org.apache.lucene:lucene-suggest:7.4.0
|    +--- org.elasticsearch:elasticsearch-cli:6.4.3
|    |    +--- net.sf.jopt-simple:jopt-simple:5.0.2
|    |    \--- org.elasticsearch:elasticsearch-core:6.4.3
|    +--- com.carrotsearch:hppc:0.7.1
|    +--- joda-time:joda-time:2.10 -> 2.10.1
|    +--- com.tdunning:t-digest:3.2
|    +--- org.hdrhistogram:HdrHistogram:2.1.9
|    +--- org.apache.logging.log4j:log4j-api:2.11.1
|    \--- org.elasticsearch:jna:4.5.1
+--- org.elasticsearch.client:transport -> 6.4.3
|    +--- org.elasticsearch:elasticsearch:6.4.3 (*)
|    +--- org.elasticsearch.plugin:transport-netty4-client:6.4.3
|    |    +--- io.netty:netty-buffer:4.1.16.Final -> 4.1.31.Final
|    |    +--- io.netty:netty-codec:4.1.16.Final -> 4.1.31.Final
|    |    +--- io.netty:netty-codec-http:4.1.16.Final -> 4.1.31.Final
|    |    +--- io.netty:netty-common:4.1.16.Final -> 4.1.31.Final
|    |    +--- io.netty:netty-handler:4.1.16.Final -> 4.1.31.Final
|    |    +--- io.netty:netty-resolver:4.1.16.Final -> 4.1.31.Final
|    |    \--- io.netty:netty-transport:4.1.16.Final -> 4.1.31.Final
|    +--- org.elasticsearch.plugin:reindex-client:6.4.3
|    |    \--- org.elasticsearch.client:elasticsearch-rest-client:6.4.3
|    |         +--- org.apache.httpcomponents:httpclient:4.5.2 -> 4.5.6
|    |         +--- org.apache.httpcomponents:httpcore:4.4.5 -> 4.4.10
|    |         +--- org.apache.httpcomponents:httpasyncclient:4.1.2 -> 4.1.4
|    |         +--- org.apache.httpcomponents:httpcore-nio:4.4.5 -> 4.4.10
|    |         \--- commons-codec:commons-codec:1.10 -> 1.11
|    +--- org.elasticsearch.plugin:lang-mustache-client:6.4.3
|    |    \--- com.github.spullara.mustache.java:compiler:0.9.3
|    +--- org.elasticsearch.plugin:percolator-client:6.4.3
|    +--- org.elasticsearch.plugin:parent-join-client:6.4.3
|    \--- org.elasticsearch.plugin:rank-eval-client:6.4.3
+--- org.apache.logging.log4j:log4j-core:2.11.2
|    \--- org.apache.logging.log4j:log4j-api:2.11.2 -> 2.11.1
+--- org.springframework.boot:spring-boot-starter -> 2.1.2.RELEASE
|    +--- org.springframework.boot:spring-boot:2.1.2.RELEASE
|    |    +--- org.springframework:spring-core:5.1.4.RELEASE
|    |    |    \--- org.springframework:spring-jcl:5.1.4.RELEASE
|    |    \--- org.springframework:spring-context:5.1.4.RELEASE
|    |         +--- org.springframework:spring-aop:5.1.4.RELEASE
|    |         |    +--- org.springframework:spring-beans:5.1.4.RELEASE
|    |         |    |    \--- org.springframework:spring-core:5.1.4.RELEASE (*)
|    |         |    \--- org.springframework:spring-core:5.1.4.RELEASE (*)
|    |         +--- org.springframework:spring-beans:5.1.4.RELEASE (*)
|    |         +--- org.springframework:spring-core:5.1.4.RELEASE (*)
|    |         \--- org.springframework:spring-expression:5.1.4.RELEASE
|    |              \--- org.springframework:spring-core:5.1.4.RELEASE (*)
|    +--- org.springframework.boot:spring-boot-autoconfigure:2.1.2.RELEASE
|    |    \--- org.springframework.boot:spring-boot:2.1.2.RELEASE (*)
|    +--- org.springframework.boot:spring-boot-starter-logging:2.1.2.RELEASE
|    |    +--- ch.qos.logback:logback-classic:1.2.3
|    |    |    +--- ch.qos.logback:logback-core:1.2.3
|    |    |    \--- org.slf4j:slf4j-api:1.7.25
|    |    +--- org.apache.logging.log4j:log4j-to-slf4j:2.11.1
|    |    |    +--- org.slf4j:slf4j-api:1.7.25
|    |    |    \--- org.apache.logging.log4j:log4j-api:2.11.1
|    |    \--- org.slf4j:jul-to-slf4j:1.7.25
|    |         \--- org.slf4j:slf4j-api:1.7.25
|    +--- javax.annotation:javax.annotation-api:1.3.2
|    +--- org.springframework:spring-core:5.1.4.RELEASE (*)
|    \--- org.yaml:snakeyaml:1.23
+--- org.jetbrains.kotlin:kotlin-reflect:1.2.71
|    \--- org.jetbrains.kotlin:kotlin-stdlib:1.2.71
|         +--- org.jetbrains.kotlin:kotlin-stdlib-common:1.2.71
|         \--- org.jetbrains:annotations:13.0
+--- org.jetbrains.kotlin:kotlin-stdlib-jdk8:1.2.71
|    +--- org.jetbrains.kotlin:kotlin-stdlib:1.2.71 (*)
|    \--- org.jetbrains.kotlin:kotlin-stdlib-jdk7:1.2.71
|         \--- org.jetbrains.kotlin:kotlin-stdlib:1.2.71 (*)
+--- org.junit.jupiter:junit-jupiter-api -> 5.3.2
|    +--- org.apiguardian:apiguardian-api:1.0.0
|    +--- org.opentest4j:opentest4j:1.1.1
|    \--- org.junit.platform:junit-platform-commons:1.3.2
|         \--- org.apiguardian:apiguardian-api:1.0.0
+--- org.springframework.boot:spring-boot-starter-test -> 2.1.2.RELEASE
|    +--- org.springframework.boot:spring-boot-starter:2.1.2.RELEASE (*)
|    +--- org.springframework.boot:spring-boot-test:2.1.2.RELEASE
|    |    \--- org.springframework.boot:spring-boot:2.1.2.RELEASE (*)
|    +--- org.springframework.boot:spring-boot-test-autoconfigure:2.1.2.RELEASE
|    |    +--- org.springframework.boot:spring-boot-test:2.1.2.RELEASE (*)
|    |    \--- org.springframework.boot:spring-boot-autoconfigure:2.1.2.RELEASE (*)
|    +--- com.jayway.jsonpath:json-path:2.4.0
|    |    +--- net.minidev:json-smart:2.3
|    |    |    \--- net.minidev:accessors-smart:1.2
|    |    |         \--- org.ow2.asm:asm:5.0.4
|    |    \--- org.slf4j:slf4j-api:1.7.25
|    +--- org.assertj:assertj-core:3.11.1
|    +--- org.mockito:mockito-core:2.23.4
|    |    +--- net.bytebuddy:byte-buddy:1.9.3 -> 1.9.7
|    |    +--- net.bytebuddy:byte-buddy-agent:1.9.3 -> 1.9.7
|    |    \--- org.objenesis:objenesis:2.6
|    +--- org.hamcrest:hamcrest-core:1.3
|    +--- org.hamcrest:hamcrest-library:1.3
|    |    \--- org.hamcrest:hamcrest-core:1.3
|    +--- org.skyscreamer:jsonassert:1.5.0
|    |    \--- com.vaadin.external.google:android-json:0.0.20131108.vaadin1
|    +--- org.springframework:spring-core:5.1.4.RELEASE (*)
|    +--- org.springframework:spring-test:5.1.4.RELEASE
|    |    \--- org.springframework:spring-core:5.1.4.RELEASE (*)
|    \--- org.xmlunit:xmlunit-core:2.6.2
\--- org.junit.jupiter:junit-jupiter-engine -> 5.3.2
     +--- org.apiguardian:apiguardian-api:1.0.0
     +--- org.junit.platform:junit-platform-engine:1.3.2
     |    +--- org.apiguardian:apiguardian-api:1.0.0
     |    +--- org.junit.platform:junit-platform-commons:1.3.2 (*)
     |    \--- org.opentest4j:opentest4j:1.1.1
     \--- org.junit.jupiter:junit-jupiter-api:5.3.2 (*)

testRuntimeOnly - Runtime only dependencies for compilation 'test' (target  (jvm)). (n)
No dependencies

testRuntimeOnlyDependenciesMetadata
No dependencies

(*) - dependencies omitted (listed previously)

(n) - Not resolved (configuration is not meant to be resolved)

A web-based, searchable dependency report is available by adding the --scan option.

BUILD SUCCESSFUL in 1s
1 actionable task: 1 executed
